Symbol range map extraction starting
Processing 194 files
startProcessing "avi/mod/skrim/Config.java" md5: 5b2d0dc6136b42877f3e7fed665816f4
endProcessing "avi/mod/skrim/Config.java"

startProcessing "avi/mod/skrim/Scratch.java" md5: ab8ff70d0577eed640d005aac39b7406
endProcessing "avi/mod/skrim/Scratch.java"

startProcessing "avi/mod/skrim/Skrim.java" md5: 4945dbbf7fec5128a697196381df3f48
endProcessing "avi/mod/skrim/Skrim.java"

startProcessing "avi/mod/skrim/blocks/AngelCakeBlock.java" md5: 138ba4826a84db8a9799099b16d1bad0
endProcessing "avi/mod/skrim/blocks/AngelCakeBlock.java"

startProcessing "avi/mod/skrim/blocks/BlockBase.java" md5: 3a7f108c796b9cf3c0945a6b51ab2714
endProcessing "avi/mod/skrim/blocks/BlockBase.java"

startProcessing "avi/mod/skrim/blocks/BlockOre.java" md5: 70f8f5b4cde4b54363839c1c040b4a0a
endProcessing "avi/mod/skrim/blocks/BlockOre.java"

startProcessing "avi/mod/skrim/blocks/CustomCakeBlock.java" md5: ac7c3930c1c85ff8fb2345c023a7c99e
endProcessing "avi/mod/skrim/blocks/CustomCakeBlock.java"

startProcessing "avi/mod/skrim/blocks/MegaChest.java" md5: b9ccd72f7f6d64ce4a9086d56e44b425
endProcessing "avi/mod/skrim/blocks/MegaChest.java"

startProcessing "avi/mod/skrim/blocks/ModBlocks.java" md5: 9b03a273c3c3993921b87afa54c7e56f
endProcessing "avi/mod/skrim/blocks/ModBlocks.java"

startProcessing "avi/mod/skrim/blocks/SkrimCakeBlock.java" md5: 2f85541f089b9d4be5b8ec29fee0681b
endProcessing "avi/mod/skrim/blocks/SkrimCakeBlock.java"

startProcessing "avi/mod/skrim/blocks/VariantEnum.java" md5: e81d7ca9a2243a4e1b441be48f538072
endProcessing "avi/mod/skrim/blocks/VariantEnum.java"

startProcessing "avi/mod/skrim/blocks/WeirwoodLeaf.java" md5: 58cc2f620bfba5489d88c875c34082a7
endProcessing "avi/mod/skrim/blocks/WeirwoodLeaf.java"

startProcessing "avi/mod/skrim/blocks/WeirwoodWood.java" md5: 1bf2597e7a537232f33e54ba24b6d418
endProcessing "avi/mod/skrim/blocks/WeirwoodWood.java"

startProcessing "avi/mod/skrim/blocks/flowers/EnchantedFlower.java" md5: 1383051ff9cd86df81db6d6ce53a9124
endProcessing "avi/mod/skrim/blocks/flowers/EnchantedFlower.java"

startProcessing "avi/mod/skrim/blocks/flowers/EnchantedFlowerRed.java" md5: 982253715901acb54627371d6a54eb40
endProcessing "avi/mod/skrim/blocks/flowers/EnchantedFlowerRed.java"

startProcessing "avi/mod/skrim/blocks/flowers/EnchantedFlowerVariants.java" md5: e9f8f9e4faadc4bf6852e4d7ac2415b7
endProcessing "avi/mod/skrim/blocks/flowers/EnchantedFlowerVariants.java"

startProcessing "avi/mod/skrim/blocks/flowers/EnchantedFlowerYellow.java" md5: 3aa38e04ea88466f14f32537c717dc00
endProcessing "avi/mod/skrim/blocks/flowers/EnchantedFlowerYellow.java"

startProcessing "avi/mod/skrim/blocks/flowers/FlowerBase.java" md5: 7cc2d0a71909c538b4ed20a140369a85
endProcessing "avi/mod/skrim/blocks/flowers/FlowerBase.java"

startProcessing "avi/mod/skrim/blocks/flowers/GlowFlower.java" md5: e6e718f881e00220dc62f943a68817f5
endProcessing "avi/mod/skrim/blocks/flowers/GlowFlower.java"

startProcessing "avi/mod/skrim/blocks/flowers/GlowFlowerRed.java" md5: 29dc68b2074a32171be96415fccf04a8
endProcessing "avi/mod/skrim/blocks/flowers/GlowFlowerRed.java"

startProcessing "avi/mod/skrim/blocks/flowers/GlowFlowerVariants.java" md5: 82d4bd83140b2c00d3c2ff2024ede1e7
endProcessing "avi/mod/skrim/blocks/flowers/GlowFlowerVariants.java"

startProcessing "avi/mod/skrim/blocks/flowers/GlowFlowerYellow.java" md5: 789d8b2433ed20aa5b753e8141920a88
endProcessing "avi/mod/skrim/blocks/flowers/GlowFlowerYellow.java"

startProcessing "avi/mod/skrim/blocks/plants/BeanstalkBlock.java" md5: fbdcce6dd39bb4f851d98e71948e98c9
endProcessing "avi/mod/skrim/blocks/plants/BeanstalkBlock.java"

startProcessing "avi/mod/skrim/blocks/plants/CustomPlant.java" md5: b9ccfffcef2ab52179f88037aceaf7d5
endProcessing "avi/mod/skrim/blocks/plants/CustomPlant.java"

startProcessing "avi/mod/skrim/blocks/plants/MagicBean.java" md5: 7bcfd6fa071e230c3c91baca2b92e942
endProcessing "avi/mod/skrim/blocks/plants/MagicBean.java"

startProcessing "avi/mod/skrim/blocks/plants/WeirwoodSapling.java" md5: 55f74b858d2415e11f88ed7442868247
endProcessing "avi/mod/skrim/blocks/plants/WeirwoodSapling.java"

startProcessing "avi/mod/skrim/blocks/tnt/BioBomb.java" md5: b21d9e732fd80c77fb448ddc4f10cb11
endProcessing "avi/mod/skrim/blocks/tnt/BioBomb.java"

startProcessing "avi/mod/skrim/blocks/tnt/BioBombExplosion.java" md5: 06bdb84c33c00e5b7a4234c78139c594
endProcessing "avi/mod/skrim/blocks/tnt/BioBombExplosion.java"

startProcessing "avi/mod/skrim/blocks/tnt/CustomExplosion.java" md5: d6a2138f620bb618032f002d172b6e3a
endProcessing "avi/mod/skrim/blocks/tnt/CustomExplosion.java"

startProcessing "avi/mod/skrim/blocks/tnt/CustomTNTPrimed.java" md5: 5bf285de77e3a25c768726810ffd5fef
endProcessing "avi/mod/skrim/blocks/tnt/CustomTNTPrimed.java"

startProcessing "avi/mod/skrim/blocks/tnt/Dynamite.java" md5: 96e21da2d8b6547d032d29c1038ae345
endProcessing "avi/mod/skrim/blocks/tnt/Dynamite.java"

startProcessing "avi/mod/skrim/blocks/tnt/DynamiteExplosion.java" md5: b76be58615aafc8f6282f287525458d0
endProcessing "avi/mod/skrim/blocks/tnt/DynamiteExplosion.java"

startProcessing "avi/mod/skrim/blocks/tnt/Napalm.java" md5: db1d822afa95d342d8a2db945ce0c096
endProcessing "avi/mod/skrim/blocks/tnt/Napalm.java"

startProcessing "avi/mod/skrim/blocks/tnt/NapalmExplosion.java" md5: ca20eba2be615548b933116aaf1fb749
endProcessing "avi/mod/skrim/blocks/tnt/NapalmExplosion.java"

startProcessing "avi/mod/skrim/capabilities/ModCapabilities.java" md5: cd6e12967a0c36f790bdaea6d58a9f35
endProcessing "avi/mod/skrim/capabilities/ModCapabilities.java"

startProcessing "avi/mod/skrim/client/TestTab.java" md5: 49c762fee19105d92c430d4ff1fd0c2d
endProcessing "avi/mod/skrim/client/TestTab.java"

startProcessing "avi/mod/skrim/client/audio/AngelCakeFlyingSound.java" md5: 63334cb6809dfc9e18c71540ed166261
endProcessing "avi/mod/skrim/client/audio/AngelCakeFlyingSound.java"

startProcessing "avi/mod/skrim/client/audio/ShineSparkSound.java" md5: ef4aab818a7e882347e36c5cba5bb678
endProcessing "avi/mod/skrim/client/audio/ShineSparkSound.java"

startProcessing "avi/mod/skrim/client/gui/ArmorOverlay.java" md5: a56a375f010e0a6666fcac0415d6404e
endProcessing "avi/mod/skrim/client/gui/ArmorOverlay.java"

startProcessing "avi/mod/skrim/client/gui/CriticalAscensionOverlay.java" md5: ddb1b8428eac5ba6d7fd151e46cc66fe
endProcessing "avi/mod/skrim/client/gui/CriticalAscensionOverlay.java"

startProcessing "avi/mod/skrim/client/gui/CustomGuiInventory.java" md5: 10f14d8235aeac14917cd619701f929e
endProcessing "avi/mod/skrim/client/gui/CustomGuiInventory.java"

startProcessing "avi/mod/skrim/client/gui/GuiUtils.java" md5: 63b76f2dc004e001e948bd8f0d9d9add
endProcessing "avi/mod/skrim/client/gui/GuiUtils.java"

startProcessing "avi/mod/skrim/client/gui/HealthOverlay.java" md5: 6ea95a472e3c6a7d521e2e4e9b625ceb
endProcessing "avi/mod/skrim/client/gui/HealthOverlay.java"

startProcessing "avi/mod/skrim/client/gui/MegaChestGui.java" md5: d622b3e5b8d831ad6ab835079b5c46eb
endProcessing "avi/mod/skrim/client/gui/MegaChestGui.java"

startProcessing "avi/mod/skrim/client/gui/SkillScreen.java" md5: ee4a57aa66d78ea0fa8eb1292ddc9ed5
endProcessing "avi/mod/skrim/client/gui/SkillScreen.java"

startProcessing "avi/mod/skrim/client/model/ModelFox.java" md5: 0654e7f8a67d2fdcbfca06c6cee5684e
endProcessing "avi/mod/skrim/client/model/ModelFox.java"

startProcessing "avi/mod/skrim/client/renderer/CustomRenderers.java" md5: ed638fd17fb4be720c76a4950298a45c
endProcessing "avi/mod/skrim/client/renderer/CustomRenderers.java"

startProcessing "avi/mod/skrim/client/renderer/EntityCustomTNTPrimedRenderer.java" md5: 2794c771be7756999d3e41890e1559e9
endProcessing "avi/mod/skrim/client/renderer/EntityCustomTNTPrimedRenderer.java"

startProcessing "avi/mod/skrim/client/renderer/RenderRocket.java" md5: f7fe65d7e034073d48ccf8fe0d3a6042
endProcessing "avi/mod/skrim/client/renderer/RenderRocket.java"

startProcessing "avi/mod/skrim/client/renderer/TNTRenderFactory.java" md5: abb4fe938889baf6b4141a9293ca8625
endProcessing "avi/mod/skrim/client/renderer/TNTRenderFactory.java"

startProcessing "avi/mod/skrim/client/renderer/TileEntityEnchantedFlowerRenderer.java" md5: 5ea76d400070fbd92f74d8ad4bbffbdc
endProcessing "avi/mod/skrim/client/renderer/TileEntityEnchantedFlowerRenderer.java"

startProcessing "avi/mod/skrim/client/renderer/entity/RenderCustomCreeper.java" md5: 5088ff324373f13a64fea2d8c39d6e40
endProcessing "avi/mod/skrim/client/renderer/entity/RenderCustomCreeper.java"

startProcessing "avi/mod/skrim/client/renderer/entity/RenderFox.java" md5: 7c61fd6e7b19b03ad0774f03b25d5b15
endProcessing "avi/mod/skrim/client/renderer/entity/RenderFox.java"

startProcessing "avi/mod/skrim/client/renderer/entity/RenderMegaChicken.java" md5: fa61a2b31ce0037efaebbd50217f9159
endProcessing "avi/mod/skrim/client/renderer/entity/RenderMegaChicken.java"

startProcessing "avi/mod/skrim/client/renderer/tileentity/MegaChestRenderer.java" md5: a49377a88bcd5ebf55c7fac7c9ba3464
endProcessing "avi/mod/skrim/client/renderer/tileentity/MegaChestRenderer.java"

startProcessing "avi/mod/skrim/client/renderer/tileentity/SkrimTileEntityItemRenderer.java" md5: f27827271291ebcf976098bd17744a78
endProcessing "avi/mod/skrim/client/renderer/tileentity/SkrimTileEntityItemRenderer.java"

startProcessing "avi/mod/skrim/commands/CommandRegistry.java" md5: 7c4082b022eec76343fcd48800956d82
endProcessing "avi/mod/skrim/commands/CommandRegistry.java"

startProcessing "avi/mod/skrim/commands/CoordCommand.java" md5: bdbe5b89927320ed36b64dff10ab87b7
endProcessing "avi/mod/skrim/commands/CoordCommand.java"

startProcessing "avi/mod/skrim/commands/SetSkillCommand.java" md5: 7a947631e2c1f185c821695fe5381f47
endProcessing "avi/mod/skrim/commands/SetSkillCommand.java"

startProcessing "avi/mod/skrim/commands/WTFDIDCommand.java" md5: f14b58145bb87d657a5ed69815b7c849
endProcessing "avi/mod/skrim/commands/WTFDIDCommand.java"

startProcessing "avi/mod/skrim/entities/ModEntities.java" md5: 9fa73a261106cfa0832f6c1499214f71
endProcessing "avi/mod/skrim/entities/ModEntities.java"

startProcessing "avi/mod/skrim/entities/SkrimEntity.java" md5: e578a2497f9d597d1e4d2971afa88586
endProcessing "avi/mod/skrim/entities/SkrimEntity.java"

startProcessing "avi/mod/skrim/entities/SkrimFishHook.java" md5: 7b76c576413c712c431a62b90230f660
endProcessing "avi/mod/skrim/entities/SkrimFishHook.java"

startProcessing "avi/mod/skrim/entities/monster/BioCreeper.java" md5: d9bec9fe6c946df4163c2d2d92a18fbd
endProcessing "avi/mod/skrim/entities/monster/BioCreeper.java"

startProcessing "avi/mod/skrim/entities/monster/CustomCreeper.java" md5: 4276f348ca5a9c72dd13174a4d30bbfd
endProcessing "avi/mod/skrim/entities/monster/CustomCreeper.java"

startProcessing "avi/mod/skrim/entities/monster/MegaChicken.java" md5: 6c2909d40d9d12ef6cb89c79853e87e7
endProcessing "avi/mod/skrim/entities/monster/MegaChicken.java"

startProcessing "avi/mod/skrim/entities/monster/NapalmCreeper.java" md5: 0bc6e8cca3ae704222ac2c5586b91171
endProcessing "avi/mod/skrim/entities/monster/NapalmCreeper.java"

startProcessing "avi/mod/skrim/entities/passive/EntityFox.java" md5: 7be6f9697d6049c4061d4268d522e0d3
endProcessing "avi/mod/skrim/entities/passive/EntityFox.java"

startProcessing "avi/mod/skrim/entities/projectile/Rocket.java" md5: 717b7090d178cda51ff5b66331311801
endProcessing "avi/mod/skrim/entities/projectile/Rocket.java"

startProcessing "avi/mod/skrim/handlers/CustomKeyHandler.java" md5: 9a7b8e79918b4ad75e51ec28e488736c
endProcessing "avi/mod/skrim/handlers/CustomKeyHandler.java"

startProcessing "avi/mod/skrim/handlers/EventHandler.java" md5: 6b79f7cffaa27901796721612ea740c6
endProcessing "avi/mod/skrim/handlers/EventHandler.java"

startProcessing "avi/mod/skrim/handlers/GuiEventHandler.java" md5: d3709fe1c61642fa447060edb706ba51
endProcessing "avi/mod/skrim/handlers/GuiEventHandler.java"

startProcessing "avi/mod/skrim/handlers/LoadSkillsHandler.java" md5: 073abe3ac08a136c0f8cc5cfd6cd6a05
endProcessing "avi/mod/skrim/handlers/LoadSkillsHandler.java"

startProcessing "avi/mod/skrim/handlers/SkrimEntitySpawnHandler.java" md5: aeaa1f3dd28a41f192e1da3651dc5f48
endProcessing "avi/mod/skrim/handlers/SkrimEntitySpawnHandler.java"

startProcessing "avi/mod/skrim/init/SkrimSoundEvents.java" md5: 177f5f6e7977e74f4d1fbf80b7281f94
endProcessing "avi/mod/skrim/init/SkrimSoundEvents.java"

startProcessing "avi/mod/skrim/inventory/MegaChestContainer.java" md5: c42494c999aa1935129b2a1c55f9ccf5
endProcessing "avi/mod/skrim/inventory/MegaChestContainer.java"

startProcessing "avi/mod/skrim/items/AngelCake.java" md5: e49eb3921d7ca44f8f65bdbb2f963978
endProcessing "avi/mod/skrim/items/AngelCake.java"

startProcessing "avi/mod/skrim/items/CustomArmor.java" md5: f76ee759bb18e0ac824b08d7c52d9bc5
endProcessing "avi/mod/skrim/items/CustomArmor.java"

startProcessing "avi/mod/skrim/items/CustomAxe.java" md5: 0ed7974a20b5b78e45162ee97f579faa
endProcessing "avi/mod/skrim/items/CustomAxe.java"

startProcessing "avi/mod/skrim/items/CustomBow.java" md5: 53435be4200fe6d0813a76abdb4ecfb4
endProcessing "avi/mod/skrim/items/CustomBow.java"

startProcessing "avi/mod/skrim/items/CustomCake.java" md5: 3d503f371c1db98615a49b527bd9131e
endProcessing "avi/mod/skrim/items/CustomCake.java"

startProcessing "avi/mod/skrim/items/CustomFood.java" md5: 5fa99b1ec7704e988069eb08d521c5cd
endProcessing "avi/mod/skrim/items/CustomFood.java"

startProcessing "avi/mod/skrim/items/CustomHoe.java" md5: 727c7fd2937c02186e6452ae00220013
endProcessing "avi/mod/skrim/items/CustomHoe.java"

startProcessing "avi/mod/skrim/items/CustomItem.java" md5: de4eb56e5f079e84a591683399099e56
endProcessing "avi/mod/skrim/items/CustomItem.java"

startProcessing "avi/mod/skrim/items/CustomPickaxe.java" md5: 71f14e6b52a0cb78ffa22c4d2b7f10ad
endProcessing "avi/mod/skrim/items/CustomPickaxe.java"

startProcessing "avi/mod/skrim/items/CustomRecord.java" md5: 2e7baf18ff41ba0dc05d5a613719bc2e
endProcessing "avi/mod/skrim/items/CustomRecord.java"

startProcessing "avi/mod/skrim/items/CustomSpade.java" md5: c6219093a6a511b13a37cfb84e83e693
endProcessing "avi/mod/skrim/items/CustomSpade.java"

startProcessing "avi/mod/skrim/items/CustomSword.java" md5: 7676329fe3f2a654fa2eda786542057b
endProcessing "avi/mod/skrim/items/CustomSword.java"

startProcessing "avi/mod/skrim/items/GreatBow.java" md5: c5b898d36177073de9947c0677ff98fa
endProcessing "avi/mod/skrim/items/GreatBow.java"

startProcessing "avi/mod/skrim/items/HandSaw.java" md5: a9203cc23045891890aa3e06909e0cd3
endProcessing "avi/mod/skrim/items/HandSaw.java"

startProcessing "avi/mod/skrim/items/ItemBase.java" md5: b35659f43cc8b4a716c46199682f2587
endProcessing "avi/mod/skrim/items/ItemBase.java"

startProcessing "avi/mod/skrim/items/ItemModelProvider.java" md5: be993421cadaec2f68f0ad3600836d50
endProcessing "avi/mod/skrim/items/ItemModelProvider.java"

startProcessing "avi/mod/skrim/items/MinecraftModelProvider.java" md5: 2c14f32536e56447a547ddc66727a091
endProcessing "avi/mod/skrim/items/MinecraftModelProvider.java"

startProcessing "avi/mod/skrim/items/ModItems.java" md5: 6a0a039a78f02390f6fbc1c389e76c5e
endProcessing "avi/mod/skrim/items/ModItems.java"

startProcessing "avi/mod/skrim/items/RocketLauncher.java" md5: c3c4fa9ec9daeaf5f2057d5052d5b900
endProcessing "avi/mod/skrim/items/RocketLauncher.java"

startProcessing "avi/mod/skrim/items/SkrimCake.java" md5: 7c50b070b20f380eaf11dfcfdfdbc086
endProcessing "avi/mod/skrim/items/SkrimCake.java"

startProcessing "avi/mod/skrim/items/WeirwoodTotem.java" md5: 49ee86c99940e37bab607f24090de639
endProcessing "avi/mod/skrim/items/WeirwoodTotem.java"

startProcessing "avi/mod/skrim/items/armor/LeafArmor.java" md5: 909a84555f30b413ef1d97311fa437b8
endProcessing "avi/mod/skrim/items/armor/LeafArmor.java"

startProcessing "avi/mod/skrim/items/artifacts/ArtifactArmor.java" md5: 4412b8143ee11a64432f3d609413ef50
endProcessing "avi/mod/skrim/items/artifacts/ArtifactArmor.java"

startProcessing "avi/mod/skrim/items/artifacts/ArtifactItem.java" md5: 92fcdb0f880cb5a9521811f15f173225
endProcessing "avi/mod/skrim/items/artifacts/ArtifactItem.java"

startProcessing "avi/mod/skrim/items/artifacts/ArtifactSword.java" md5: f05974ccf0ecbcfcf3a4f2a4a9761bfb
endProcessing "avi/mod/skrim/items/artifacts/ArtifactSword.java"

startProcessing "avi/mod/skrim/items/artifacts/BlindingBoots.java" md5: 7621b01e1d449d2e35950e25eee5d08a
endProcessing "avi/mod/skrim/items/artifacts/BlindingBoots.java"

startProcessing "avi/mod/skrim/items/artifacts/CanesSword.java" md5: 1d2da07cef677c2494d51c30087e2a86
endProcessing "avi/mod/skrim/items/artifacts/CanesSword.java"

startProcessing "avi/mod/skrim/items/artifacts/CeruleanSandals.java" md5: 687ad89ffb870e2745f5e805e2fbee54
endProcessing "avi/mod/skrim/items/artifacts/CeruleanSandals.java"

startProcessing "avi/mod/skrim/items/artifacts/FoxMask.java" md5: 7a0384b05796c569c9b6d2c955d02999
endProcessing "avi/mod/skrim/items/artifacts/FoxMask.java"

startProcessing "avi/mod/skrim/items/artifacts/GruesomeMask.java" md5: 60d269912118868f4d0cccaba7907616
endProcessing "avi/mod/skrim/items/artifacts/GruesomeMask.java"

startProcessing "avi/mod/skrim/items/artifacts/HorseSteroid.java" md5: e446d30b020d19ca35e090728749b56a
endProcessing "avi/mod/skrim/items/artifacts/HorseSteroid.java"

startProcessing "avi/mod/skrim/items/artifacts/HorseSteroidHealth.java" md5: e67afaaa827be9c0cf395e8179efa662
endProcessing "avi/mod/skrim/items/artifacts/HorseSteroidHealth.java"

startProcessing "avi/mod/skrim/items/artifacts/HorseSteroidJump.java" md5: 42413250b5273781d80f17b2dc93a082
endProcessing "avi/mod/skrim/items/artifacts/HorseSteroidJump.java"

startProcessing "avi/mod/skrim/items/artifacts/HorseSteroidSpeed.java" md5: cc416a4e130e3a752dba36cee32afeea
endProcessing "avi/mod/skrim/items/artifacts/HorseSteroidSpeed.java"

startProcessing "avi/mod/skrim/items/artifacts/IcarianScroll.java" md5: 43431464be68379d6ad56ad1d6ac0339
endProcessing "avi/mod/skrim/items/artifacts/IcarianScroll.java"

startProcessing "avi/mod/skrim/items/artifacts/PowerSuitChestplate.java" md5: bdd188c20d13d7d520f91fdb9ecd5495
endProcessing "avi/mod/skrim/items/artifacts/PowerSuitChestplate.java"

startProcessing "avi/mod/skrim/items/artifacts/SheepFinder3000.java" md5: 1c078fb74924b995fd3cd9e54f9ecf57
endProcessing "avi/mod/skrim/items/artifacts/SheepFinder3000.java"

startProcessing "avi/mod/skrim/items/artifacts/SpringheelBoots.java" md5: 26e4fd85686f530da3de6ccb34afb1e2
endProcessing "avi/mod/skrim/items/artifacts/SpringheelBoots.java"

startProcessing "avi/mod/skrim/network/AchievementPacket.java" md5: d2e0ef396d21338a2636889ff468c042
endProcessing "avi/mod/skrim/network/AchievementPacket.java"

startProcessing "avi/mod/skrim/network/ExplosionPacket.java" md5: 49254accabbd27df53cdfab62f2f14a3
endProcessing "avi/mod/skrim/network/ExplosionPacket.java"

startProcessing "avi/mod/skrim/network/FallDistancePacket.java" md5: 90f0d84f9ba019c57076521ff470d8e1
endProcessing "avi/mod/skrim/network/FallDistancePacket.java"

startProcessing "avi/mod/skrim/network/GuiHandler.java" md5: 9c42aa75ddc1930a7cfd93713f7a4c71
endProcessing "avi/mod/skrim/network/GuiHandler.java"

startProcessing "avi/mod/skrim/network/InvisibilityPacket.java" md5: 9dae553b37b31c00d41f5c12f1c450fb
endProcessing "avi/mod/skrim/network/InvisibilityPacket.java"

startProcessing "avi/mod/skrim/network/LevelUpPacket.java" md5: fafd639cb4e188f86eed6fa2ea4c1946
endProcessing "avi/mod/skrim/network/LevelUpPacket.java"

startProcessing "avi/mod/skrim/network/SetBlockPacket.java" md5: 129dbd1e92795fc5c559a080d499712f
endProcessing "avi/mod/skrim/network/SetBlockPacket.java"

startProcessing "avi/mod/skrim/network/SkillPacket.java" md5: 82594b032e489bc9c3ebfcfd46d0ceba
endProcessing "avi/mod/skrim/network/SkillPacket.java"

startProcessing "avi/mod/skrim/network/SkrimPacketHandler.java" md5: f17d31902a44fd781d741533f91794ce
endProcessing "avi/mod/skrim/network/SkrimPacketHandler.java"

startProcessing "avi/mod/skrim/network/SortChestPacket.java" md5: 49d2fc28465ee51064ed3af28509bbb0
endProcessing "avi/mod/skrim/network/SortChestPacket.java"

startProcessing "avi/mod/skrim/network/SpawnEntityPacket.java" md5: 6447e7b84ef06af324ca24af5d6e894e
endProcessing "avi/mod/skrim/network/SpawnEntityPacket.java"

startProcessing "avi/mod/skrim/network/SpawnParticlePacket.java" md5: 09b99ca0dac0f00ca41b06efe14ff219
endProcessing "avi/mod/skrim/network/SpawnParticlePacket.java"

startProcessing "avi/mod/skrim/network/skillpackets/AngelFlyingSoundPacket.java" md5: 9dc7c190fbe5a5b20e0967571e82df2c
endProcessing "avi/mod/skrim/network/skillpackets/AngelFlyingSoundPacket.java"

startProcessing "avi/mod/skrim/network/skillpackets/ApplyBonemealPacket.java" md5: 607261c27d8bbc5dad574d664fbfe8f6
endProcessing "avi/mod/skrim/network/skillpackets/ApplyBonemealPacket.java"

startProcessing "avi/mod/skrim/network/skillpackets/CriticalAscensionPacket.java" md5: 7eca7018c5702c2b31bc8376fc19f923
endProcessing "avi/mod/skrim/network/skillpackets/CriticalAscensionPacket.java"

startProcessing "avi/mod/skrim/network/skillpackets/DrillPacket.java" md5: bfe9ef45c9a712284cfc1980381d3c05
endProcessing "avi/mod/skrim/network/skillpackets/DrillPacket.java"

startProcessing "avi/mod/skrim/network/skillpackets/MetalDetectorPacket.java" md5: 56b40bd670b840d98d7dbeb6b14ff94b
endProcessing "avi/mod/skrim/network/skillpackets/MetalDetectorPacket.java"

startProcessing "avi/mod/skrim/network/skillpackets/OffHandAttackPacket.java" md5: c47d38f8807fcce856030ea66e74ccbd
endProcessing "avi/mod/skrim/network/skillpackets/OffHandAttackPacket.java"

startProcessing "avi/mod/skrim/network/skillpackets/WhirlingChopPacket.java" md5: 7731c5f78562ace3711e6eeb57c0575d
endProcessing "avi/mod/skrim/network/skillpackets/WhirlingChopPacket.java"

startProcessing "avi/mod/skrim/proxy/ClientProxy.java" md5: b14ea1c5a2543afe728e0a9143d6093b
endProcessing "avi/mod/skrim/proxy/ClientProxy.java"

startProcessing "avi/mod/skrim/proxy/CommonProxy.java" md5: 8c8edf5f91dcb408e555b7aa98d0bd0c
endProcessing "avi/mod/skrim/proxy/CommonProxy.java"

startProcessing "avi/mod/skrim/proxy/ServerProxy.java" md5: ff27b4f25970180bc65b8dde79a6aaac
endProcessing "avi/mod/skrim/proxy/ServerProxy.java"

startProcessing "avi/mod/skrim/skills/ISkill.java" md5: cb9691fe107f63d7ab1a58043d76ee52
endProcessing "avi/mod/skrim/skills/ISkill.java"

startProcessing "avi/mod/skrim/skills/Skill.java" md5: c018af363cf00999ca46836af1922c90
endProcessing "avi/mod/skrim/skills/Skill.java"

startProcessing "avi/mod/skrim/skills/SkillAbility.java" md5: 439155483e5c5b59c8e8649f652d49c2
endProcessing "avi/mod/skrim/skills/SkillAbility.java"

startProcessing "avi/mod/skrim/skills/SkillProvider.java" md5: ae462e45d7aee96f13baa18cbf00c9fb
endProcessing "avi/mod/skrim/skills/SkillProvider.java"

startProcessing "avi/mod/skrim/skills/SkillStorage.java" md5: cede4d29cea565a45c017bfc92a6e088
endProcessing "avi/mod/skrim/skills/SkillStorage.java"

startProcessing "avi/mod/skrim/skills/Skills.java" md5: 16f2a1881fe6ab8e3ef074ea8e724333
endProcessing "avi/mod/skrim/skills/Skills.java"

startProcessing "avi/mod/skrim/skills/blacksmithing/BlacksmithingProvider.java" md5: ccf035301c7347d2d5f8862cbdf324a1
endProcessing "avi/mod/skrim/skills/blacksmithing/BlacksmithingProvider.java"

startProcessing "avi/mod/skrim/skills/blacksmithing/ISkillBlacksmithing.java" md5: 24d9d694385fd9361a9ff1958c8a57fc
endProcessing "avi/mod/skrim/skills/blacksmithing/ISkillBlacksmithing.java"

startProcessing "avi/mod/skrim/skills/blacksmithing/SkillBlacksmithing.java" md5: ed827c496fad4ccb4e5cdb7f41808c00
endProcessing "avi/mod/skrim/skills/blacksmithing/SkillBlacksmithing.java"

startProcessing "avi/mod/skrim/skills/botany/BotanyProvider.java" md5: 76a87ee6ef7a2caf9206e263f63f6647
endProcessing "avi/mod/skrim/skills/botany/BotanyProvider.java"

startProcessing "avi/mod/skrim/skills/botany/ISkillBotany.java" md5: da0efeab79a5746208a17e6caddd5711
endProcessing "avi/mod/skrim/skills/botany/ISkillBotany.java"

startProcessing "avi/mod/skrim/skills/botany/SkillBotany.java" md5: 42f0df2849d3d71b2c38a8422af3c7c5
endProcessing "avi/mod/skrim/skills/botany/SkillBotany.java"

startProcessing "avi/mod/skrim/skills/cooking/CookingProvider.java" md5: 8c8fcd0302449bf16e3110a5a071e10d
endProcessing "avi/mod/skrim/skills/cooking/CookingProvider.java"

startProcessing "avi/mod/skrim/skills/cooking/ISkillCooking.java" md5: 51f19a2a119fb3e96f19ff88babee46e
endProcessing "avi/mod/skrim/skills/cooking/ISkillCooking.java"

startProcessing "avi/mod/skrim/skills/cooking/SkillCooking.java" md5: c97b77bf3bdaaa8f5da804d66032f405
endProcessing "avi/mod/skrim/skills/cooking/SkillCooking.java"

startProcessing "avi/mod/skrim/skills/defense/DefenseProvider.java" md5: 6e40bd424f01978322a5b7118344caec
endProcessing "avi/mod/skrim/skills/defense/DefenseProvider.java"

startProcessing "avi/mod/skrim/skills/defense/ISkillDefense.java" md5: 9338a046f2d2879a077fe517addd8b74
endProcessing "avi/mod/skrim/skills/defense/ISkillDefense.java"

startProcessing "avi/mod/skrim/skills/defense/SkillDefense.java" md5: 6624b4650f0ea02265e74e0743b5dff2
endProcessing "avi/mod/skrim/skills/defense/SkillDefense.java"

startProcessing "avi/mod/skrim/skills/demolition/DemolitionProvider.java" md5: c7526c62dd96a6a19c8008aa01f14895
endProcessing "avi/mod/skrim/skills/demolition/DemolitionProvider.java"

startProcessing "avi/mod/skrim/skills/demolition/ISkillDemolition.java" md5: b100c2fb7bd735345bb56683f9fed77b
endProcessing "avi/mod/skrim/skills/demolition/ISkillDemolition.java"

startProcessing "avi/mod/skrim/skills/demolition/SkillDemolition.java" md5: 1bae3eae142f0cf6a234d120dce9c8fc
endProcessing "avi/mod/skrim/skills/demolition/SkillDemolition.java"

startProcessing "avi/mod/skrim/skills/digging/DiggingProvider.java" md5: 5566183e90fbc540333f6181dbdcc692
endProcessing "avi/mod/skrim/skills/digging/DiggingProvider.java"

startProcessing "avi/mod/skrim/skills/digging/ISkillDigging.java" md5: 36f70c0e00faeadfc08f00a05c33696e
endProcessing "avi/mod/skrim/skills/digging/ISkillDigging.java"

startProcessing "avi/mod/skrim/skills/digging/SkillDigging.java" md5: 8639251f0a21d7763462c3f410c46ddb
endProcessing "avi/mod/skrim/skills/digging/SkillDigging.java"

startProcessing "avi/mod/skrim/skills/farming/FarmingProvider.java" md5: 7f8a951e1aa8333046725db8274b53be
endProcessing "avi/mod/skrim/skills/farming/FarmingProvider.java"

startProcessing "avi/mod/skrim/skills/farming/ISkillFarming.java" md5: 115c07229f83a237129c778dca32e364
endProcessing "avi/mod/skrim/skills/farming/ISkillFarming.java"

startProcessing "avi/mod/skrim/skills/farming/SkillFarming.java" md5: ae9d18f4900c4c79ac857de89f5e0dbf
endProcessing "avi/mod/skrim/skills/farming/SkillFarming.java"

startProcessing "avi/mod/skrim/skills/fishing/FishingProvider.java" md5: 7cb458994ffc9870b18a750fd1033d96
endProcessing "avi/mod/skrim/skills/fishing/FishingProvider.java"

startProcessing "avi/mod/skrim/skills/fishing/ISkillFishing.java" md5: 585c4361385740edc0b49dd6e83880c6
endProcessing "avi/mod/skrim/skills/fishing/ISkillFishing.java"

startProcessing "avi/mod/skrim/skills/fishing/SkillFishing.java" md5: cc7371a3f5aa369b2c3e3d4d9f7d80a6
endProcessing "avi/mod/skrim/skills/fishing/SkillFishing.java"

startProcessing "avi/mod/skrim/skills/melee/ISkillMelee.java" md5: a0d061ad0b70c4faca5780072734a4f3
endProcessing "avi/mod/skrim/skills/melee/ISkillMelee.java"

startProcessing "avi/mod/skrim/skills/melee/MeleeProvider.java" md5: fb5affe70107dbd87cc5520c9c77b989
endProcessing "avi/mod/skrim/skills/melee/MeleeProvider.java"

startProcessing "avi/mod/skrim/skills/melee/SkillMelee.java" md5: f850bcfb42f0441c5d5eec3024acf4b2
endProcessing "avi/mod/skrim/skills/melee/SkillMelee.java"

startProcessing "avi/mod/skrim/skills/mining/ISkillMining.java" md5: 5e22401bab665923e633496930a135d5
endProcessing "avi/mod/skrim/skills/mining/ISkillMining.java"

startProcessing "avi/mod/skrim/skills/mining/MiningProvider.java" md5: c16aee7dc803a9c11b79801af134aeba
endProcessing "avi/mod/skrim/skills/mining/MiningProvider.java"

startProcessing "avi/mod/skrim/skills/mining/SkillMining.java" md5: 6eb9eba914051844a083f04725f73199
endProcessing "avi/mod/skrim/skills/mining/SkillMining.java"

startProcessing "avi/mod/skrim/skills/ranged/ISkillRanged.java" md5: acf1e4060c3fbf6cd5c1646e4dbdf3b3
endProcessing "avi/mod/skrim/skills/ranged/ISkillRanged.java"

startProcessing "avi/mod/skrim/skills/ranged/RangedProvider.java" md5: 421e4c26b53f9d864cf4b73a7c14aa13
endProcessing "avi/mod/skrim/skills/ranged/RangedProvider.java"

startProcessing "avi/mod/skrim/skills/ranged/SkillRanged.java" md5: 5852850305ed5de87279336a77e85cc4
endProcessing "avi/mod/skrim/skills/ranged/SkillRanged.java"

startProcessing "avi/mod/skrim/skills/woodcutting/ISkillWoodcutting.java" md5: d73e1272b04fd7329ee136352c1bceb9
endProcessing "avi/mod/skrim/skills/woodcutting/ISkillWoodcutting.java"

startProcessing "avi/mod/skrim/skills/woodcutting/SkillWoodcutting.java" md5: c8a87b84fde0e242ab88dddc4cd19a5c
endProcessing "avi/mod/skrim/skills/woodcutting/SkillWoodcutting.java"

startProcessing "avi/mod/skrim/skills/woodcutting/WoodcuttingProvider.java" md5: eec9efb97c08123864ac3f1c6b95af94
endProcessing "avi/mod/skrim/skills/woodcutting/WoodcuttingProvider.java"

startProcessing "avi/mod/skrim/stats/SkrimAchievements.java" md5: 66b6b9364301b4eb47f324912cd801a8
endProcessing "avi/mod/skrim/stats/SkrimAchievements.java"

startProcessing "avi/mod/skrim/tileentity/CakeTileEntity.java" md5: fc84be2f3902fbd411dbbc17f9677e27
endProcessing "avi/mod/skrim/tileentity/CakeTileEntity.java"

startProcessing "avi/mod/skrim/tileentity/EnchantedFlowerTileEntity.java" md5: 0924c4d41957d290b4e782ccb1a14d64
endProcessing "avi/mod/skrim/tileentity/EnchantedFlowerTileEntity.java"

startProcessing "avi/mod/skrim/tileentity/MegaChestTileEntity.java" md5: 6066d2aeaa641ec9f3e662f4c5947617
endProcessing "avi/mod/skrim/tileentity/MegaChestTileEntity.java"

startProcessing "avi/mod/skrim/tileentity/ModTileEntities.java" md5: a2323c8a1c422dde46d0b9802401401a
endProcessing "avi/mod/skrim/tileentity/ModTileEntities.java"

startProcessing "avi/mod/skrim/utils/MathUtils.java" md5: 2a9a69be47751589f16f5a7405bb5077
endProcessing "avi/mod/skrim/utils/MathUtils.java"

startProcessing "avi/mod/skrim/utils/Obfuscation.java" md5: 0f235d18d3efcf85ffb284e6e6306e16
endProcessing "avi/mod/skrim/utils/Obfuscation.java"

startProcessing "avi/mod/skrim/utils/Reflection.java" md5: 150fcd16acbe947eb4fcbc780b49f583
endProcessing "avi/mod/skrim/utils/Reflection.java"

startProcessing "avi/mod/skrim/utils/Utils.java" md5: bec368a5e63aca3290c3be32a3ea5faa
endProcessing "avi/mod/skrim/utils/Utils.java"

startProcessing "avi/mod/skrim/world/PlayerCoords.java" md5: 61490cb9f9448e8d0e4cea7aa67d7dc9
endProcessing "avi/mod/skrim/world/PlayerCoords.java"

startProcessing "avi/mod/skrim/world/PlayerPlacedBlocks.java" md5: c251de529e203ba341ccf4e56b9461a4
endProcessing "avi/mod/skrim/world/PlayerPlacedBlocks.java"

startProcessing "avi/mod/skrim/world/WeirwoodCoords.java" md5: 6e967f372dc00fd8261ebd0229181b34
endProcessing "avi/mod/skrim/world/WeirwoodCoords.java"

startProcessing "avi/mod/skrim/world/gen/WorldGenBeanstalk.java" md5: f697cb220f63f5a33b172cb931bfe80f
endProcessing "avi/mod/skrim/world/gen/WorldGenBeanstalk.java"

startProcessing "avi/mod/skrim/world/gen/WorldGenWeirwood.java" md5: c9b785fde9e80f0fece0bd7e8290f237
endProcessing "avi/mod/skrim/world/gen/WorldGenWeirwood.java"

startProcessing "avi/mod/skrim/world/loot/AddTreasure.java" md5: 3b3a8c449f79b711b9180cc5754e85b3
endProcessing "avi/mod/skrim/world/loot/AddTreasure.java"

startProcessing "avi/mod/skrim/world/loot/CustomLootTables.java" md5: 0c6de145445a423d8fab7c046965aae1
endProcessing "avi/mod/skrim/world/loot/CustomLootTables.java"

